# JRE version: OpenJDK Runtime Environment (8.0_76-b03) (build 1.8.0_76-release-b03)
# Java VM: OpenJDK 64-Bit Server VM (25.76-b03 mixed mode windows-amd64 compressed oops)
Heap:
 PSYoungGen      total 172544K, used 143509K [0x00000000eab00000, 0x00000000f7300000, 0x0000000100000000)
  eden space 166912K, 82% used [0x00000000eab00000,0x00000000f31f1448,0x00000000f4e00000)
  from space 5632K, 94% used [0x00000000f5280000,0x00000000f57b4010,0x00000000f5800000)
  to   space 18944K, 0% used [0x00000000f6080000,0x00000000f6080000,0x00000000f7300000)
 ParOldGen       total 136192K, used 35867K [0x00000000c0000000, 0x00000000c8500000, 0x00000000eab00000)
  object space 136192K, 26% used [0x00000000c0000000,0x00000000c2306db0,0x00000000c8500000)
 Metaspace       used 74797K, capacity 81062K, committed 83840K, reserved 1122304K
  class space    used 9477K, capacity 10130K, committed 11136K, reserved 1048576K
GC Heap History (10 events):
Event: 16539.640 GC heap before
{Heap before GC invocations=64 (full 18):
 PSYoungGen      total 196096K, used 2228K [0x00000000eab00000, 0x00000000f7f80000, 0x0000000100000000)
  eden space 176640K, 0% used [0x00000000eab00000,0x00000000eab00000,0x00000000f5780000)
  from space 19456K, 11% used [0x00000000f6c80000,0x00000000f6ead180,0x00000000f7f80000)
  to   space 20480K, 0% used [0x00000000f5780000,0x00000000f5780000,0x00000000f6b80000)
 ParOldGen       total 136192K, used 36072K [0x00000000c0000000, 0x00000000c8500000, 0x00000000eab00000)
  object space 136192K, 26% used [0x00000000c0000000,0x00000000c233a388,0x00000000c8500000)
 Metaspace       used 74380K, capacity 80076K, committed 83584K, reserved 1122304K
  class space    used 9428K, capacity 10048K, committed 11136K, reserved 1048576K
Event: 16539.836 GC heap after
Heap after GC invocations=64 (full 18):
 PSYoungGen      total 196096K, used 0K [0x00000000eab00000, 0x00000000f7f80000, 0x0000000100000000)
  eden space 176640K, 0% used [0x00000000eab00000,0x00000000eab00000,0x00000000f5780000)
  from space 19456K, 0% used [0x00000000f6c80000,0x00000000f6c80000,0x00000000f7f80000)
  to   space 20480K, 0% used [0x00000000f5780000,0x00000000f5780000,0x00000000f6b80000)
 ParOldGen       total 136192K, used 36864K [0x00000000c0000000, 0x00000000c8500000, 0x00000000eab00000)
  object space 136192K, 27% used [0x00000000c0000000,0x00000000c2400320,0x00000000c8500000)
 Metaspace       used 74380K, capacity 80076K, committed 83584K, reserved 1122304K
  class space    used 9428K, capacity 10048K, committed 11136K, reserved 1048576K
}
Event: 16845.763 GC heap before
{Heap before GC invocations=65 (full 18):
 PSYoungGen      total 196096K, used 129001K [0x00000000eab00000, 0x00000000f7f80000, 0x0000000100000000)
  eden space 176640K, 73% used [0x00000000eab00000,0x00000000f28fa598,0x00000000f5780000)
  from space 19456K, 0% used [0x00000000f6c80000,0x00000000f6c80000,0x00000000f7f80000)
  to   space 20480K, 0% used [0x00000000f5780000,0x00000000f5780000,0x00000000f6b80000)
 ParOldGen       total 136192K, used 36864K [0x00000000c0000000, 0x00000000c8500000, 0x00000000eab00000)
  object space 136192K, 27% used [0x00000000c0000000,0x00000000c2400320,0x00000000c8500000)
 Metaspace       used 74711K, capacity 80886K, committed 83840K, reserved 1122304K
  class space    used 9490K, capacity 10156K, committed 11136K, reserved 1048576K
Event: 16845.767 GC heap after
Heap after GC invocations=65 (full 18):
 PSYoungGen      total 178688K, used 1584K [0x00000000eab00000, 0x00000000f7d80000, 0x0000000100000000)
  eden space 176640K, 0% used [0x00000000eab00000,0x00000000eab00000,0x00000000f5780000)
  from space 2048K, 77% used [0x00000000f5780000,0x00000000f590c010,0x00000000f5980000)
  to   space 19456K, 0% used [0x00000000f6a80000,0x00000000f6a80000,0x00000000f7d80000)
 ParOldGen       total 136192K, used 36872K [0x00000000c0000000, 0x00000000c8500000, 0x00000000eab00000)
  object space 136192K, 27% used [0x00000000c0000000,0x00000000c2402320,0x00000000c8500000)
 Metaspace       used 74711K, capacity 80886K, committed 83840K, reserved 1122304K
  class space    used 9490K, capacity 10156K, committed 11136K, reserved 1048576K
}
Event: 16845.767 GC heap before
{Heap before GC invocations=66 (full 19):
 PSYoungGen      total 178688K, used 1584K [0x00000000eab00000, 0x00000000f7d80000, 0x0000000100000000)
  eden space 176640K, 0% used [0x00000000eab00000,0x00000000eab00000,0x00000000f5780000)
  from space 2048K, 77% used [0x00000000f5780000,0x00000000f590c010,0x00000000f5980000)
  to   space 19456K, 0% used [0x00000000f6a80000,0x00000000f6a80000,0x00000000f7d80000)
 ParOldGen       total 136192K, used 36872K [0x00000000c0000000, 0x00000000c8500000, 0x00000000eab00000)
  object space 136192K, 27% used [0x00000000c0000000,0x00000000c2402320,0x00000000c8500000)
 Metaspace       used 74711K, capacity 80886K, committed 83840K, reserved 1122304K
  class space    used 9490K, capacity 10156K, committed 11136K, reserved 1048576K
Event: 16845.941 GC heap after
Heap after GC invocations=66 (full 19):
 PSYoungGen      total 178688K, used 0K [0x00000000eab00000, 0x00000000f7d80000, 0x0000000100000000)
  eden space 176640K, 0% used [0x00000000eab00000,0x00000000eab00000,0x00000000f5780000)
  from space 2048K, 0% used [0x00000000f5780000,0x00000000f5780000,0x00000000f5980000)
  to   space 19456K, 0% used [0x00000000f6a80000,0x00000000f6a80000,0x00000000f7d80000)
 ParOldGen       total 136192K, used 35851K [0x00000000c0000000, 0x00000000c8500000, 0x00000000eab00000)
  object space 136192K, 26% used [0x00000000c0000000,0x00000000c2302db0,0x00000000c8500000)
 Metaspace       used 74481K, capacity 80560K, committed 83840K, reserved 1122304K
  class space    used 9454K, capacity 10103K, committed 11136K, reserved 1048576K
}
Event: 16937.810 GC heap before
{Heap before GC invocations=67 (full 19):
 PSYoungGen      total 178688K, used 176640K [0x00000000eab00000, 0x00000000f7d80000, 0x0000000100000000)
  eden space 176640K, 100% used [0x00000000eab00000,0x00000000f5780000,0x00000000f5780000)
  from space 2048K, 0% used [0x00000000f5780000,0x00000000f5780000,0x00000000f5980000)
  to   space 19456K, 0% used [0x00000000f6a80000,0x00000000f6a80000,0x00000000f7d80000)
 ParOldGen       total 136192K, used 35851K [0x00000000c0000000, 0x00000000c8500000, 0x00000000eab00000)
  object space 136192K, 26% used [0x00000000c0000000,0x00000000c2302db0,0x00000000c8500000)
 Metaspace       used 74632K, capacity 80852K, committed 83840K, reserved 1122304K
  class space    used 9464K, capacity 10113K, committed 11136K, reserved 1048576K
Event: 16937.820 GC heap after
Heap after GC invocations=67 (full 19):
 PSYoungGen      total 187904K, used 11239K [0x00000000eab00000, 0x00000000f7a80000, 0x0000000100000000)
  eden space 171520K, 0% used [0x00000000eab00000,0x00000000eab00000,0x00000000f5280000)
  from space 16384K, 68% used [0x00000000f6a80000,0x00000000f7579c20,0x00000000f7a80000)
  to   space 20480K, 0% used [0x00000000f5280000,0x00000000f5280000,0x00000000f6680000)
 ParOldGen       total 136192K, used 35859K [0x00000000c0000000, 0x00000000c8500000, 0x00000000eab00000)
  object space 136192K, 26% used [0x00000000c0000000,0x00000000c2304db0,0x00000000c8500000)
 Metaspace       used 74632K, capacity 80852K, committed 83840K, reserved 1122304K
  class space    used 9464K, capacity 10113K, committed 11136K, reserved 1048576K
}
Event: 16965.565 GC heap before
{Heap before GC invocations=68 (full 19):
 PSYoungGen      total 187904K, used 182759K [0x00000000eab00000, 0x00000000f7a80000, 0x0000000100000000)
  eden space 171520K, 100% used [0x00000000eab00000,0x00000000f5280000,0x00000000f5280000)
  from space 16384K, 68% used [0x00000000f6a80000,0x00000000f7579c20,0x00000000f7a80000)
  to   space 20480K, 0% used [0x00000000f5280000,0x00000000f5280000,0x00000000f6680000)
 ParOldGen       total 136192K, used 35859K [0x00000000c0000000, 0x00000000c8500000, 0x00000000eab00000)
  object space 136192K, 26% used [0x00000000c0000000,0x00000000c2304db0,0x00000000c8500000)
 Metaspace       used 74725K, capacity 81004K, committed 83840K, reserved 1122304K
  class space    used 9473K, capacity 10121K, committed 11136K, reserved 1048576K
Event: 16965.572 GC heap after
Heap after GC invocations=68 (full 19):
 PSYoungGen      total 172544K, used 5328K [0x00000000eab00000, 0x00000000f7300000, 0x0000000100000000)
  eden space 166912K, 0% used [0x00000000eab00000,0x00000000eab00000,0x00000000f4e00000)
  from space 5632K, 94% used [0x00000000f5280000,0x00000000f57b4010,0x00000000f5800000)
  to   space 18944K, 0% used [0x00000000f6080000,0x00000000f6080000,0x00000000f7300000)
 ParOldGen       total 136192K, used 35867K [0x00000000c0000000, 0x00000000c8500000, 0x00000000eab00000)
  object space 136192K, 26% used [0x00000000c0000000,0x00000000c2306db0,0x00000000c8500000)
 Metaspace       used 74725K, capacity 81004K, committed 83840K, reserved 1122304K
  class space    used 9473K, capacity 10121K, committed 11136K, reserved 1048576K
}

